This is pdfTeX, Version 3.14159265-2.6-1.40.21 (MiKTeX 20.12) (preloaded format=pdflatex 2021.1.19)  1 FEB 2021 13:04
entering extended mode
**"./Filosofia III.tex"
("Filosofia III.tex"
LaTeX2e <2020-10-01> patch level 3
L3 programming layer <2020-12-07> xparse <2020-03-03>
(C:\Users\Tommaso\AppData\Local\Programs\MiKTeX\tex/latex/base\article.cls
Document Class: article 2020/04/10 v1.4m Standard LaTeX document class
(C:\Users\Tommaso\AppData\Local\Programs\MiKTeX\tex/latex/base\size10.clo
File: size10.clo 2020/04/10 v1.4m Standard LaTeX file (size option)
)
\c@part=\count177
\c@section=\count178
\c@subsection=\count179
\c@subsubsection=\count180
\c@paragraph=\count181
\c@subparagraph=\count182
\c@figure=\count183
\c@table=\count184
\abovecaptionskip=\skip47
\belowcaptionskip=\skip48
\bibindent=\dimen138
)
(C:\Users\Tommaso\AppData\Local\Programs\MiKTeX\tex/latex/base\inputenc.sty
Package: inputenc 2020/08/01 v1.3d Input encoding file
\inpenc@prehook=\toks15
\inpenc@posthook=\toks16
)
(C:\Users\Tommaso\AppData\Local\Programs\MiKTeX\tex/latex/base\fontenc.sty
Package: fontenc 2020/08/10 v2.0s Standard LaTeX package
)
(C:\Users\Tommaso\AppData\Local\Programs\MiKTeX\tex/latex/amsmath\amsmath.sty
Package: amsmath 2020/09/23 v2.17i AMS math features
\@mathmargin=\skip49

For additional information on amsmath, use the `?' option.
(C:\Users\Tommaso\AppData\Local\Programs\MiKTeX\tex/latex/amsmath\amstext.sty
Package: amstext 2000/06/29 v2.01 AMS text

(C:\Users\Tommaso\AppData\Local\Programs\MiKTeX\tex/latex/amsmath\amsgen.sty
File: amsgen.sty 1999/11/30 v2.0 generic functions
\@emptytoks=\toks17
\ex@=\dimen139
))
(C:\Users\Tommaso\AppData\Local\Programs\MiKTeX\tex/latex/amsmath\amsbsy.sty
Package: amsbsy 1999/11/29 v1.2d Bold Symbols
\pmbraise@=\dimen140
)
(C:\Users\Tommaso\AppData\Local\Programs\MiKTeX\tex/latex/amsmath\amsopn.sty
Package: amsopn 2016/03/08 v2.02 operator names
)
\inf@bad=\count185
LaTeX Info: Redefining \frac on input line 234.
\uproot@=\count186
\leftroot@=\count187
LaTeX Info: Redefining \overline on input line 399.
\classnum@=\count188
\DOTSCASE@=\count189
LaTeX Info: Redefining \ldots on input line 496.
LaTeX Info: Redefining \dots on input line 499.
LaTeX Info: Redefining \cdots on input line 620.
\Mathstrutbox@=\box47
\strutbox@=\box48
\big@size=\dimen141
LaTeX Font Info:    Redeclaring font encoding OML on input line 743.
LaTeX Font Info:    Redeclaring font encoding OMS on input line 744.
\macc@depth=\count190
\c@MaxMatrixCols=\count191
\dotsspace@=\muskip16
\c@parentequation=\count192
\dspbrk@lvl=\count193
\tag@help=\toks18
\row@=\count194
\column@=\count195
\maxfields@=\count196
\andhelp@=\toks19
\eqnshift@=\dimen142
\alignsep@=\dimen143
\tagshift@=\dimen144
\tagwidth@=\dimen145
\totwidth@=\dimen146
\lineht@=\dimen147
\@envbody=\toks20
\multlinegap=\skip50
\multlinetaggap=\skip51
\mathdisplay@stack=\toks21
LaTeX Info: Redefining \[ on input line 2923.
LaTeX Info: Redefining \] on input line 2924.
)
(C:\Users\Tommaso\AppData\Local\Programs\MiKTeX\tex/latex/amsfonts\amsfonts.sty
Package: amsfonts 2013/01/14 v3.01 Basic AMSFonts support
\symAMSa=\mathgroup4
\symAMSb=\mathgroup5
LaTeX Font Info:    Redeclaring math symbol \hbar on input line 98.
LaTeX Font Info:    Overwriting math alphabet `\mathfrak' in version `bold'
(Font)                  U/euf/m/n --> U/euf/b/n on input line 106.
)
(C:\Users\Tommaso\AppData\Local\Programs\MiKTeX\tex/latex/amsfonts\amssymb.sty
Package: amssymb 2013/01/14 v3.01 AMS font symbols
) (C:\Users\Tommaso\AppData\Local\Programs\MiKTeX\tex/latex/base\makeidx.sty
Package: makeidx 2014/09/29 v1.0m Standard LaTeX package
)
(C:\Users\Tommaso\AppData\Local\Programs\MiKTeX\tex/latex/graphics\graphicx.sty
Package: graphicx 2020/09/09 v1.2b Enhanced LaTeX Graphics (DPC,SPQR)
(C:\Users\Tommaso\AppData\Local\Programs\MiKTeX\tex/latex/graphics\keyval.sty
Package: keyval 2014/10/28 v1.15 key=value parser (DPC)
\KV@toks@=\toks22
)
(C:\Users\Tommaso\AppData\Local\Programs\MiKTeX\tex/latex/graphics\graphics.sty
Package: graphics 2020/08/30 v1.4c Standard LaTeX Graphics (DPC,SPQR)
(C:\Users\Tommaso\AppData\Local\Programs\MiKTeX\tex/latex/graphics\trig.sty
Package: trig 2016/01/03 v1.10 sin cos tan (DPC)
)
(C:\Users\Tommaso\AppData\Local\Programs\MiKTeX\tex/latex/graphics-cfg\graphics
.cfg
File: graphics.cfg 2016/06/04 v1.11 sample graphics configuration
)
Package graphics Info: Driver file: pdftex.def on input line 105.

(C:\Users\Tommaso\AppData\Local\Programs\MiKTeX\tex/latex/graphics-def\pdftex.d
ef
File: pdftex.def 2020/10/05 v1.2a Graphics/color driver for pdftex
))
\Gin@req@height=\dimen148
\Gin@req@width=\dimen149
)
(C:\Users\Tommaso\AppData\Local\Programs\MiKTeX\tex/latex/pdfpages\pdfpages.sty
Package: pdfpages 2021/01/09 v0.5r Insert pages of external PDF documents (AM)
(C:\Users\Tommaso\AppData\Local\Programs\MiKTeX\tex/latex/base\ifthen.sty
Package: ifthen 2014/09/29 v1.1c Standard LaTeX ifthen package (DPC)
)
(C:\Users\Tommaso\AppData\Local\Programs\MiKTeX\tex/latex/latex-tools\calc.sty
Package: calc 2017/05/25 v4.3 Infix arithmetic (KKT,FJ)
\calc@Acount=\count197
\calc@Bcount=\count198
\calc@Adimen=\dimen150
\calc@Bdimen=\dimen151
\calc@Askip=\skip52
\calc@Bskip=\skip53
LaTeX Info: Redefining \setlength on input line 80.
LaTeX Info: Redefining \addtolength on input line 81.
\calc@Ccount=\count199
\calc@Cskip=\skip54
) (C:\Users\Tommaso\AppData\Local\Programs\MiKTeX\tex/latex/eso-pic\eso-pic.sty
Package: eso-pic 2020/10/14 v3.0a eso-pic (RN)
\ESO@tempdima=\dimen152
\ESO@tempdimb=\dimen153

(C:\Users\Tommaso\AppData\Local\Programs\MiKTeX\tex/latex/xcolor\xcolor.sty
Package: xcolor 2016/05/11 v2.12 LaTeX color extensions (UK)

(C:\Users\Tommaso\AppData\Local\Programs\MiKTeX\tex/latex/graphics-cfg\color.cf
g
File: color.cfg 2016/01/02 v1.6 sample color configuration
)
Package xcolor Info: Driver file: pdftex.def on input line 225.
Package xcolor Info: Model `cmy' substituted by `cmy0' on input line 1348.
Package xcolor Info: Model `hsb' substituted by `rgb' on input line 1352.
Package xcolor Info: Model `RGB' extended on input line 1364.
Package xcolor Info: Model `HTML' substituted by `rgb' on input line 1366.
Package xcolor Info: Model `Hsb' substituted by `hsb' on input line 1367.
Package xcolor Info: Model `tHsb' substituted by `hsb' on input line 1368.
Package xcolor Info: Model `HSB' substituted by `hsb' on input line 1369.
Package xcolor Info: Model `Gray' substituted by `gray' on input line 1370.
Package xcolor Info: Model `wave' substituted by `hsb' on input line 1371.
))
\AM@pagewidth=\dimen154
\AM@pageheight=\dimen155

(C:\Users\Tommaso\AppData\Local\Programs\MiKTeX\tex/latex/pdfpages\pppdftex.def
File: pppdftex.def 2021/01/09 v0.5r Pdfpages driver for pdfTeX (AM)
)
\pdfpages@includegraphics@status=\count266
\AM@pagebox=\box49
\AM@global@opts=\toks23
\AM@pagecnt=\count267
\AM@toc@title=\toks24
\c@AM@survey=\count268
\AM@templatesizebox=\box50
)
(C:\Users\Tommaso\AppData\Local\Programs\MiKTeX\tex/latex/geometry\geometry.sty
Package: geometry 2020/01/02 v5.9 Page Geometry
(C:\Users\Tommaso\AppData\Local\Programs\MiKTeX\tex/generic/iftex\ifvtex.sty
Package: ifvtex 2019/10/25 v1.7 ifvtex legacy package. Use iftex instead.

(C:\Users\Tommaso\AppData\Local\Programs\MiKTeX\tex/generic/iftex\iftex.sty
Package: iftex 2020/03/06 v1.0d TeX engine tests
))
\Gm@cnth=\count269
\Gm@cntv=\count270
\c@Gm@tempcnt=\count271
\Gm@bindingoffset=\dimen156
\Gm@wd@mp=\dimen157
\Gm@odd@mp=\dimen158
\Gm@even@mp=\dimen159
\Gm@layoutwidth=\dimen160
\Gm@layoutheight=\dimen161
\Gm@layouthoffset=\dimen162
\Gm@layoutvoffset=\dimen163
\Gm@dimlist=\toks25

(C:\Users\Tommaso\AppData\Local\Programs\MiKTeX\tex/latex/geometry\geometry.cfg
))
(C:\Users\Tommaso\AppData\Local\Programs\MiKTeX\tex/latex/l3backend\l3backend-p
dftex.def
File: l3backend-pdftex.def 2020-09-24 L3 backend support: PDF output (pdfTeX)
\l__kernel_color_stack_int=\count272
\l__pdf_internal_box=\box51
) ("Filosofia III.aux")
\openout1 = `"Filosofia III.aux"'.

LaTeX Font Info:    Checking defaults for OML/cmm/m/it on input line 13.
LaTeX Font Info:    ... okay on input line 13.
LaTeX Font Info:    Checking defaults for OMS/cmsy/m/n on input line 13.
LaTeX Font Info:    ... okay on input line 13.
LaTeX Font Info:    Checking defaults for OT1/cmr/m/n on input line 13.
LaTeX Font Info:    ... okay on input line 13.
LaTeX Font Info:    Checking defaults for T1/cmr/m/n on input line 13.
LaTeX Font Info:    ... okay on input line 13.
LaTeX Font Info:    Checking defaults for TS1/cmr/m/n on input line 13.
LaTeX Font Info:    ... okay on input line 13.
LaTeX Font Info:    Checking defaults for OMX/cmex/m/n on input line 13.
LaTeX Font Info:    ... okay on input line 13.
LaTeX Font Info:    Checking defaults for U/cmr/m/n on input line 13.
LaTeX Font Info:    ... okay on input line 13.

(C:\Users\Tommaso\AppData\Local\Programs\MiKTeX\tex/context/base/mkii\supp-pdf.
mkii
[Loading MPS to PDF converter (version 2006.09.02).]
\scratchcounter=\count273
\scratchdimen=\dimen164
\scratchbox=\box52
\nofMPsegments=\count274
\nofMParguments=\count275
\everyMPshowfont=\toks26
\MPscratchCnt=\count276
\MPscratchDim=\dimen165
\MPnumerator=\count277
\makeMPintoPDFobject=\count278
\everyMPtoPDFconversion=\toks27
)
(C:\Users\Tommaso\AppData\Local\Programs\MiKTeX\tex/latex/epstopdf-pkg\epstopdf
-base.sty
Package: epstopdf-base 2020-01-24 v2.11 Base part for package epstopdf
Package epstopdf-base Info: Redefining graphics rule for `.eps' on input line 4
85.
)
(C:\Users\Tommaso\AppData\Local\Programs\MiKTeX\tex/latex/pdflscape\pdflscape.s
ty
Package: pdflscape 2019/12/05 v0.12 Display of landscape pages in PDF (HO)

(C:\Users\Tommaso\AppData\Local\Programs\MiKTeX\tex/latex/graphics\lscape.sty
Package: lscape 2020/05/28 v3.02 Landscape Pages (DPC)
)
Package pdflscape Info: Auto-detected driver: pdftex on input line 81.
)
*geometry* driver: auto-detecting
*geometry* detected driver: pdftex
*geometry* verbose mode - [ preamble ] result:
* driver: pdftex
* paper: a4paper
* layout: <same size as paper>
* layoutoffset:(h,v)=(0.0pt,0.0pt)
* modes: 
* h-part:(L,W,R)=(72.26999pt, 452.9679pt, 72.26999pt)
* v-part:(T,H,B)=(72.26999pt, 700.50687pt, 72.26999pt)
* \paperwidth=597.50787pt
* \paperheight=845.04684pt
* \textwidth=452.9679pt
* \textheight=700.50687pt
* \oddsidemargin=0.0pt
* \evensidemargin=0.0pt
* \topmargin=-37.0pt
* \headheight=12.0pt
* \headsep=25.0pt
* \topskip=10.0pt
* \footskip=30.0pt
* \marginparwidth=57.0pt
* \marginparsep=11.0pt
* \columnsep=10.0pt
* \skip\footins=9.0pt plus 4.0pt minus 2.0pt
* \hoffset=0.0pt
* \voffset=0.0pt
* \mag=1000
* \@twocolumnfalse
* \@twosidefalse
* \@mparswitchfalse
* \@reversemarginfalse
* (1in=72.27pt=25.4mm, 1cm=28.453pt)

LaTeX Font Info:    Trying to load font information for U+msa on input line 14.

(C:\Users\Tommaso\AppData\Local\Programs\MiKTeX\tex/latex/amsfonts\umsa.fd
File: umsa.fd 2013/01/14 v3.01 AMS symbols A
)
LaTeX Font Info:    Trying to load font information for U+msb on input line 14.


(C:\Users\Tommaso\AppData\Local\Programs\MiKTeX\tex/latex/amsfonts\umsb.fd
File: umsb.fd 2013/01/14 v3.01 AMS symbols B
)
<I sofisti.pdf, id=1, 597.50829pt x 845.0471pt>
File: I sofisti.pdf Graphic file (type pdf)
<use I sofisti.pdf>
Package pdftex.def Info: I sofisti.pdf  used on input line 16.
(pdftex.def)             Requested size: 597.50682pt x 845.04504pt.
File: I sofisti.pdf Graphic file (type pdf)
<use I sofisti.pdf>
Package pdftex.def Info: I sofisti.pdf  used on input line 16.
(pdftex.def)             Requested size: 597.50682pt x 845.04504pt.
<I sofisti.pdf, id=4, page=1, 597.50829pt x 845.0471pt>
File: I sofisti.pdf Graphic file (type pdf)
<use I sofisti.pdf, page 1>
Package pdftex.def Info: I sofisti.pdf , page1 used on input line 16.
(pdftex.def)             Requested size: 597.50682pt x 845.04504pt.
File: I sofisti.pdf Graphic file (type pdf)
<use I sofisti.pdf, page 1>
Package pdftex.def Info: I sofisti.pdf , page1 used on input line 16.
(pdftex.def)             Requested size: 597.53416pt x 845.08372pt.

[1

{C:/Users/Tommaso/AppData/Local/MiKTeX/pdftex/config/pdftex.map}]
File: I sofisti.pdf Graphic file (type pdf)
<use I sofisti.pdf, page 1>
Package pdftex.def Info: I sofisti.pdf , page1 used on input line 16.
(pdftex.def)             Requested size: 597.53416pt x 845.08372pt.
File: I sofisti.pdf Graphic file (type pdf)
<use I sofisti.pdf, page 1>
Package pdftex.def Info: I sofisti.pdf , page1 used on input line 16.
(pdftex.def)             Requested size: 597.53416pt x 845.08372pt.
File: I sofisti.pdf Graphic file (type pdf)
<use I sofisti.pdf, page 1>
Package pdftex.def Info: I sofisti.pdf , page1 used on input line 16.
(pdftex.def)             Requested size: 597.53416pt x 845.08372pt.
 [2 <./I sofisti.pdf>]
<I sofisti.pdf, id=223, page=2, 597.50829pt x 845.0471pt>
File: I sofisti.pdf Graphic file (type pdf)
<use I sofisti.pdf, page 2>
Package pdftex.def Info: I sofisti.pdf , page2 used on input line 16.
(pdftex.def)             Requested size: 597.53416pt x 845.08372pt.
File: I sofisti.pdf Graphic file (type pdf)
<use I sofisti.pdf, page 2>
Package pdftex.def Info: I sofisti.pdf , page2 used on input line 16.
(pdftex.def)             Requested size: 597.53416pt x 845.08372pt.
File: I sofisti.pdf Graphic file (type pdf)
<use I sofisti.pdf, page 2>
Package pdftex.def Info: I sofisti.pdf , page2 used on input line 16.
(pdftex.def)             Requested size: 597.53416pt x 845.08372pt.
 [3 <./I sofisti.pdf>]
<I sofisti.pdf, id=227, page=3, 597.50829pt x 845.0471pt>
File: I sofisti.pdf Graphic file (type pdf)
<use I sofisti.pdf, page 3>
Package pdftex.def Info: I sofisti.pdf , page3 used on input line 16.
(pdftex.def)             Requested size: 597.53416pt x 845.08372pt.
File: I sofisti.pdf Graphic file (type pdf)
<use I sofisti.pdf, page 3>
Package pdftex.def Info: I sofisti.pdf , page3 used on input line 16.
(pdftex.def)             Requested size: 597.53416pt x 845.08372pt.
File: I sofisti.pdf Graphic file (type pdf)
<use I sofisti.pdf, page 3>
Package pdftex.def Info: I sofisti.pdf , page3 used on input line 16.
(pdftex.def)             Requested size: 597.53416pt x 845.08372pt.
 [4 <./I sofisti.pdf>]
<I sofisti.pdf, id=236, page=4, 597.50829pt x 845.0471pt>
File: I sofisti.pdf Graphic file (type pdf)
<use I sofisti.pdf, page 4>
Package pdftex.def Info: I sofisti.pdf , page4 used on input line 16.
(pdftex.def)             Requested size: 597.53416pt x 845.08372pt.
File: I sofisti.pdf Graphic file (type pdf)
<use I sofisti.pdf, page 4>
Package pdftex.def Info: I sofisti.pdf , page4 used on input line 16.
(pdftex.def)             Requested size: 597.53416pt x 845.08372pt.
File: I sofisti.pdf Graphic file (type pdf)
<use I sofisti.pdf, page 4>
Package pdftex.def Info: I sofisti.pdf , page4 used on input line 16.
(pdftex.def)             Requested size: 597.53416pt x 845.08372pt.
 [5 <./I sofisti.pdf>]
<Socrate.pdf, id=240, 597.50829pt x 845.0471pt>
File: Socrate.pdf Graphic file (type pdf)
<use Socrate.pdf>
Package pdftex.def Info: Socrate.pdf  used on input line 17.
(pdftex.def)             Requested size: 597.50682pt x 845.04504pt.
File: Socrate.pdf Graphic file (type pdf)
<use Socrate.pdf>
Package pdftex.def Info: Socrate.pdf  used on input line 17.
(pdftex.def)             Requested size: 597.50682pt x 845.04504pt.
<Socrate.pdf, id=243, page=1, 597.50829pt x 845.0471pt>
File: Socrate.pdf Graphic file (type pdf)
<use Socrate.pdf, page 1>
Package pdftex.def Info: Socrate.pdf , page1 used on input line 17.
(pdftex.def)             Requested size: 597.50682pt x 845.04504pt.
File: Socrate.pdf Graphic file (type pdf)
<use Socrate.pdf, page 1>
Package pdftex.def Info: Socrate.pdf , page1 used on input line 17.
(pdftex.def)             Requested size: 597.53416pt x 845.08372pt.
File: Socrate.pdf Graphic file (type pdf)
<use Socrate.pdf, page 1>
Package pdftex.def Info: Socrate.pdf , page1 used on input line 17.
(pdftex.def)             Requested size: 597.53416pt x 845.08372pt.
File: Socrate.pdf Graphic file (type pdf)
<use Socrate.pdf, page 1>
Package pdftex.def Info: Socrate.pdf , page1 used on input line 17.
(pdftex.def)             Requested size: 597.53416pt x 845.08372pt.
File: Socrate.pdf Graphic file (type pdf)
<use Socrate.pdf, page 1>
Package pdftex.def Info: Socrate.pdf , page1 used on input line 17.
(pdftex.def)             Requested size: 597.53416pt x 845.08372pt.

[6 <./Socrate.pdf>]
<Socrate.pdf, id=414, page=2, 597.50829pt x 845.0471pt>
File: Socrate.pdf Graphic file (type pdf)
<use Socrate.pdf, page 2>
Package pdftex.def Info: Socrate.pdf , page2 used on input line 17.
(pdftex.def)             Requested size: 597.53416pt x 845.08372pt.
File: Socrate.pdf Graphic file (type pdf)
<use Socrate.pdf, page 2>
Package pdftex.def Info: Socrate.pdf , page2 used on input line 17.
(pdftex.def)             Requested size: 597.53416pt x 845.08372pt.
File: Socrate.pdf Graphic file (type pdf)
<use Socrate.pdf, page 2>
Package pdftex.def Info: Socrate.pdf , page2 used on input line 17.
(pdftex.def)             Requested size: 597.53416pt x 845.08372pt.
 [7 <./Socrate.pdf>] ("Filosofia III.aux") ) 
Here is how much of TeX's memory you used:
 4393 strings out of 479624
 60834 string characters out of 2864197
 339504 words of memory out of 3000000
 21506 multiletter control sequences out of 15000+200000
 410370 words of font info for 48 fonts, out of 3000000 for 9000
 1141 hyphenation exceptions out of 8191
 67i,17n,80p,245b,427s stack positions out of 5000i,500n,10000p,200000b,50000s
 <C:\Users\Tommaso\AppData\Local\Mi
KTeX\fonts/pk/ljfour/jknappen/ec/dpi600\ecrm1000.pk> <C:\Users\Tommaso\AppData\
Local\MiKTeX\fonts/pk/ljfour/jknappen/ec/dpi600\ecrm1200.pk> <C:\Users\Tommaso\
AppData\Local\MiKTeX\fonts/pk/ljfour/jknappen/ec/dpi600\ecrm1728.pk>
Output written on "Filosofia III.pdf" (7 pages, 141132 bytes).
PDF statistics:
 460 PDF objects out of 1000 (max. 8388607)
 0 named destinations out of 1000 (max. 500000)
 61 words of extra memory for PDF output out of 10000 (max. 10000000)

